[     432ms] [INFO] %cDownload the React DevTools for a better development experience: https://react.dev/link/react-devtools font-weight:bold @ http://localhost:3000/_next/static/chunks/node_modules_next_dist_115brz8._.js:2431
[     520ms] [LOG] [HMR] connected @ http://localhost:3000/_next/static/chunks/node_modules_next_dist_115brz8._.js:2431
[    5992ms] [ERROR] Failed to load resource: the server responded with a status of 404 (Not Found) @ http://localhost:3000/assets/home/portfolio_grid_bg-old.png:0
[    5992ms] [ERROR] Failed to load resource: the server responded with a status of 404 (Not Found) @ http://localhost:3000/assets/home/global_layer.svg:0
[    5992ms] [ERROR] Failed to load resource: the server responded with a status of 404 (Not Found) @ http://localhost:3000/assets/home/faq_plus.svg:0
[    5992ms] [ERROR] Failed to load resource: the server responded with a status of 404 (Not Found) @ http://localhost:3000/assets/home/win_bg.png:0
[    5993ms] [ERROR] Failed to load resource: the server responded with a status of 404 (Not Found) @ http://localhost:3000/assets/home/2025/06/menu-image2.png:0
[    6017ms] [ERROR] Failed to load resource: the server responded with a status of 404 (Not Found) @ http://localhost:3000/assets/home/almoni-dl-aaa-400.ttf:0
[    6064ms] [ERROR] Failed to load resource: the server responded with a status of 404 (Not Found) @ http://localhost:3000/assets/home/almoni-dl-aaa-400.woff:0
[   39230ms] [INFO] %cDownload the React DevTools for a better development experience: https://react.dev/link/react-devtools font-weight:bold @ http://localhost:3000/_next/static/chunks/node_modules_next_dist_115brz8._.js:2431
[   39244ms] [LOG] [HMR] connected @ http://localhost:3000/_next/static/chunks/node_modules_next_dist_115brz8._.js:2431
[   39279ms] [ERROR] Failed to load resource: the server responded with a status of 404 (Not Found) @ http://localhost:3000/assets/home-he/style-rtl.min.css_edabec9e.css:0
[   39279ms] [ERROR] Failed to load CSS: style-rtl.min.css_edabec9e.css Error: Failed to load stylesheet: /assets/home-he/style-rtl.min.css_edabec9e.css
    at link.onerror (http://localhost:3000/_next/static/chunks/_0m.3vzc._.js:530:35) @ http://localhost:3000/_next/static/chunks/node_modules_next_dist_115brz8._.js:3272
[   39303ms] [ERROR] Failed to load resource: the server responded with a status of 404 (Not Found) @ http://localhost:3000/assets/home-he/fonts.css_edabec9e.css:0
[   39304ms] [ERROR] Failed to load CSS: fonts.css_edabec9e.css Error: Failed to load stylesheet: /assets/home-he/fonts.css_edabec9e.css
    at link.onerror (http://localhost:3000/_next/static/chunks/_0m.3vzc._.js:530:35) @ http://localhost:3000/_next/static/chunks/node_modules_next_dist_115brz8._.js:3272
[   39327ms] [ERROR] Failed to load resource: the server responded with a status of 404 (Not Found) @ http://localhost:3000/assets/home-he/svgs-attachment.css:0
[   39327ms] [ERROR] Failed to load CSS: svgs-attachment.css Error: Failed to load stylesheet: /assets/home-he/svgs-attachment.css
    at link.onerror (http://localhost:3000/_next/static/chunks/_0m.3vzc._.js:530:35) @ http://localhost:3000/_next/static/chunks/node_modules_next_dist_115brz8._.js:3272
[   39346ms] [ERROR] Failed to load resource: the server responded with a status of 404 (Not Found) @ http://localhost:3000/assets/home-he/style.min.css_68b3cde9.css:0
[   39346ms] [ERROR] Failed to load CSS: style.min.css_68b3cde9.css Error: Failed to load stylesheet: /assets/home-he/style.min.css_68b3cde9.css
    at link.onerror (http://localhost:3000/_next/static/chunks/_0m.3vzc._.js:530:35) @ http://localhost:3000/_next/static/chunks/node_modules_next_dist_115brz8._.js:3272
[   39351ms] [LOG] [Fast Refresh] rebuilding @ http://localhost:3000/_next/static/chunks/node_modules_next_dist_115brz8._.js:2431
[   39366ms] [ERROR] Failed to load resource: the server responded with a status of 404 (Not Found) @ http://localhost:3000/assets/home-he/cms-navigation-base.css_7976b2e5.css:0
[   39366ms] [ERROR] Failed to load CSS: cms-navigation-base.css_7976b2e5.css Error: Failed to load stylesheet: /assets/home-he/cms-navigation-base.css_7976b2e5.css
    at link.onerror (http://localhost:3000/_next/static/chunks/_0m.3vzc._.js:530:35) @ http://localhost:3000/_next/static/chunks/node_modules_next_dist_115brz8._.js:3272
[   39388ms] [ERROR] Failed to load resource: the server responded with a status of 404 (Not Found) @ http://localhost:3000/assets/home-he/cms-navigation.css_7976b2e5.css:0
[   39388ms] [ERROR] Failed to load CSS: cms-navigation.css_7976b2e5.css Error: Failed to load stylesheet: /assets/home-he/cms-navigation.css_7976b2e5.css
    at link.onerror (http://localhost:3000/_next/static/chunks/_0m.3vzc._.js:530:35) @ http://localhost:3000/_next/static/chunks/node_modules_next_dist_115brz8._.js:3272
[   39413ms] [ERROR] Failed to load resource: the server responded with a status of 404 (Not Found) @ http://localhost:3000/assets/home-he/style-new-he.css_edabec9e.css:0
[   39413ms] [ERROR] Failed to load CSS: style-new-he.css_edabec9e.css Error: Failed to load stylesheet: /assets/home-he/style-new-he.css_edabec9e.css
    at link.onerror (http://localhost:3000/_next/static/chunks/_0m.3vzc._.js:530:35) @ http://localhost:3000/_next/static/chunks/node_modules_next_dist_115brz8._.js:3272
[   39445ms] [ERROR] Failed to load resource: the server responded with a status of 404 (Not Found) @ http://localhost:3000/assets/home-he/responsive-he.css_edabec9e.css:0
[   39445ms] [ERROR] Failed to load CSS: responsive-he.css_edabec9e.css Error: Failed to load stylesheet: /assets/home-he/responsive-he.css_edabec9e.css
    at link.onerror (http://localhost:3000/_next/static/chunks/_0m.3vzc._.js:530:35) @ http://localhost:3000/_next/static/chunks/node_modules_next_dist_115brz8._.js:3272
[   39464ms] [ERROR] Failed to load resource: the server responded with a status of 404 (Not Found) @ http://localhost:3000/assets/home-he/animate.css_edabec9e.css:0
[   39465ms] [ERROR] Failed to load CSS: animate.css_edabec9e.css Error: Failed to load stylesheet: /assets/home-he/animate.css_edabec9e.css
    at link.onerror (http://localhost:3000/_next/static/chunks/_0m.3vzc._.js:530:35) @ http://localhost:3000/_next/static/chunks/node_modules_next_dist_115brz8._.js:3272
[   39485ms] [ERROR] Failed to load resource: the server responded with a status of 404 (Not Found) @ http://localhost:3000/assets/home-he/animation.css_edabec9e.css:0
[   39485ms] [ERROR] Failed to load CSS: animation.css_edabec9e.css Error: Failed to load stylesheet: /assets/home-he/animation.css_edabec9e.css
    at link.onerror (http://localhost:3000/_next/static/chunks/_0m.3vzc._.js:530:35) @ http://localhost:3000/_next/static/chunks/node_modules_next_dist_115brz8._.js:3272
[   39505ms] [ERROR] Failed to load resource: the server responded with a status of 404 (Not Found) @ http://localhost:3000/assets/home-he/jquery.jConveyorTicker.min.css_edabec9e.css:0
[   39506ms] [ERROR] Failed to load CSS: jquery.jConveyorTicker.min.css_edabec9e.css Error: Failed to load stylesheet: /assets/home-he/jquery.jConveyorTicker.min.css_edabec9e.css
    at link.onerror (http://localhost:3000/_next/static/chunks/_0m.3vzc._.js:530:35) @ http://localhost:3000/_next/static/chunks/node_modules_next_dist_115brz8._.js:3272
[   39527ms] [ERROR] Failed to load resource: the server responded with a status of 404 (Not Found) @ http://localhost:3000/assets/home-he/owl.carousel.css_edabec9e.css:0
[   39527ms] [ERROR] Failed to load CSS: owl.carousel.css_edabec9e.css Error: Failed to load stylesheet: /assets/home-he/owl.carousel.css_edabec9e.css
    at link.onerror (http://localhost:3000/_next/static/chunks/_0m.3vzc._.js:530:35) @ http://localhost:3000/_next/static/chunks/node_modules_next_dist_115brz8._.js:3272
[   39546ms] [ERROR] Failed to load resource: the server responded with a status of 404 (Not Found) @ http://localhost:3000/assets/home-he/mlstyle.css_edabec9e.css:0
[   39547ms] [ERROR] Failed to load CSS: mlstyle.css_edabec9e.css Error: Failed to load stylesheet: /assets/home-he/mlstyle.css_edabec9e.css
    at link.onerror (http://localhost:3000/_next/static/chunks/_0m.3vzc._.js:530:35) @ http://localhost:3000/_next/static/chunks/node_modules_next_dist_115brz8._.js:3272
[   39567ms] [ERROR] Failed to load resource: the server responded with a status of 404 (Not Found) @ http://localhost:3000/assets/home-he/rtl.css_edabec9e.css:0
[   39567ms] [ERROR] Failed to load CSS: rtl.css_edabec9e.css Error: Failed to load stylesheet: /assets/home-he/rtl.css_edabec9e.css
    at link.onerror (http://localhost:3000/_next/static/chunks/_0m.3vzc._.js:530:35) @ http://localhost:3000/_next/static/chunks/node_modules_next_dist_115brz8._.js:3272
[   39590ms] [ERROR] Failed to load resource: the server responded with a status of 404 (Not Found) @ http://localhost:3000/assets/home-he/ml-responsive.css_edabec9e.css:0
[   39590ms] [ERROR] Failed to load CSS: ml-responsive.css_edabec9e.css Error: Failed to load stylesheet: /assets/home-he/ml-responsive.css_edabec9e.css
    at link.onerror (http://localhost:3000/_next/static/chunks/_0m.3vzc._.js:530:35) @ http://localhost:3000/_next/static/chunks/node_modules_next_dist_115brz8._.js:3272
[   39609ms] [ERROR] Failed to load resource: the server responded with a status of 404 (Not Found) @ http://localhost:3000/assets/home-he/gdpr-main-nf.css_d6ea100c.css:0
[   39609ms] [ERROR] Failed to load CSS: gdpr-main-nf.css_d6ea100c.css Error: Failed to load stylesheet: /assets/home-he/gdpr-main-nf.css_d6ea100c.css
    at link.onerror (http://localhost:3000/_next/static/chunks/_0m.3vzc._.js:530:35) @ http://localhost:3000/_next/static/chunks/node_modules_next_dist_115brz8._.js:3272
[   39752ms] [ERROR] Failed to load resource: the server responded with a status of 404 (Not Found) @ http://localhost:3000/assets/home-he/global_layer.svg:0
[   39752ms] [ERROR] Failed to load resource: the server responded with a status of 404 (Not Found) @ http://localhost:3000/assets/home-he/faq_plus.svg:0
[   39763ms] [LOG] [Fast Refresh] done in 513ms @ http://localhost:3000/_next/static/chunks/node_modules_next_dist_115brz8._.js:2431
[   39814ms] [ERROR] Failed to load resource: the server responded with a status of 404 (Not Found) @ http://localhost:3000/assets/home-he/tickerxlose.svg:0
[   39814ms] [ERROR] Failed to load resource: the server responded with a status of 404 (Not Found) @ http://localhost:3000/assets/home-he/logo_new.png:0
[   39814ms] [ERROR] Failed to load resource: the server responded with a status of 404 (Not Found) @ http://localhost:3000/assets/home-he/togleclose.svg:0
[   39823ms] [ERROR] Failed to load resource: the server responded with a status of 404 (Not Found) @ http://localhost:3000/assets/home-he/homeecla1.svg:0
[   39904ms] [ERROR] Failed to load resource: the server responded with a status of 404 (Not Found) @ http://localhost:3000/assets/home-he/homeecla2.svg:0
[   39906ms] [LOG] [Fast Refresh] rebuilding @ http://localhost:3000/_next/static/chunks/node_modules_next_dist_115brz8._.js:2431
[   39926ms] [LOG] [Fast Refresh] done in 122ms @ http://localhost:3000/_next/static/chunks/node_modules_next_dist_115brz8._.js:2431
[   39928ms] [ERROR] Failed to load resource: the server responded with a status of 404 (Not Found) @ http://localhost:3000/assets/home-he/calenderimg.svg:0
[   39936ms] [ERROR] Failed to load resource: the server responded with a status of 404 (Not Found) @ http://localhost:3000/assets/home-he/phmobicon.svg:0
[   39936ms] [ERROR] Failed to load resource: the server responded with a status of 404 (Not Found) @ http://localhost:3000/assets/home-he/whatmobicon.svg:0
[   39937ms] [ERROR] Failed to load resource: the server responded with a status of 404 (Not Found) @ http://localhost:3000/assets/home-he/jumping_1-1.svg:0
[   39940ms] [ERROR] Failed to load resource: the server responded with a status of 404 (Not Found) @ http://localhost:3000/assets/home-he/jumping_2-1.svg:0
[   39992ms] [ERROR] Failed to load resource: the server responded with a status of 404 (Not Found) @ http://localhost:3000/assets/home-he/jumping_3-1.svg:0
[   40008ms] [ERROR] Failed to load resource: the server responded with a status of 404 (Not Found) @ http://localhost:3000/assets/home-he/2.png:0
[   40024ms] [ERROR] Failed to load resource: the server responded with a status of 404 (Not Found) @ http://localhost:3000/assets/home-he/1.png:0
[   40039ms] [ERROR] Failed to load resource: the server responded with a status of 404 (Not Found) @ http://localhost:3000/assets/home-he/medicak-ipad.png:0
[   40046ms] [ERROR] Failed to load resource: the server responded with a status of 404 (Not Found) @ http://localhost:3000/assets/home-he/3.png:0
[   40046ms] [LOG] [Fast Refresh] rebuilding @ http://localhost:3000/_next/static/chunks/node_modules_next_dist_115brz8._.js:2431
[   40047ms] [LOG] [Fast Refresh] done in 102ms @ http://localhost:3000/_next/static/chunks/node_modules_next_dist_115brz8._.js:2431
[   40048ms] [ERROR] Failed to load resource: the server responded with a status of 404 (Not Found) @ http://localhost:3000/assets/home-he/final_watch6.svg:0
[   40097ms] [ERROR] Failed to load resource: the server responded with a status of 404 (Not Found) @ http://localhost:3000/assets/home-he/6.png:0
[   40111ms] [ERROR] Failed to load resource: the server responded with a status of 404 (Not Found) @ http://localhost:3000/assets/home-he/Front-cloean-1.png:0
[   40127ms] [ERROR] Failed to load resource: the server responded with a status of 404 (Not Found) @ http://localhost:3000/assets/home-he/88.png:0
[   40135ms] [ERROR] Failed to load resource: the server responded with a status of 404 (Not Found) @ http://localhost:3000/assets/home-he/White-1.png:0
[   40146ms] [ERROR] Failed to load resource: the server responded with a status of 404 (Not Found) @ http://localhost:3000/assets/home-he/startup1.png:0
[   40152ms] [LOG] [Fast Refresh] rebuilding @ http://localhost:3000/_next/static/chunks/node_modules_next_dist_115brz8._.js:2431
[   40156ms] [ERROR] Failed to load resource: the server responded with a status of 404 (Not Found) @ http://localhost:3000/assets/home-he/startup2.png:0
[   40206ms] [ERROR] Failed to load resource: the server responded with a status of 404 (Not Found) @ http://localhost:3000/assets/home-he/startup3.png:0
[   40222ms] [ERROR] Failed to load resource: the server responded with a status of 404 (Not Found) @ http://localhost:3000/assets/home-he/startup4.png:0
[   40237ms] [ERROR] Failed to load resource: the server responded with a status of 404 (Not Found) @ http://localhost:3000/assets/home-he/Group-1410103661.png:0
[   40243ms] [LOG] [Fast Refresh] done in 192ms @ http://localhost:3000/_next/static/chunks/node_modules_next_dist_115brz8._.js:2431
[   40245ms] [ERROR] Failed to load resource: the server responded with a status of 404 (Not Found) @ http://localhost:3000/assets/home-he/Group-1410103660.png:0
[   40247ms] [ERROR] Failed to load resource: the server responded with a status of 404 (Not Found) @ http://localhost:3000/assets/home-he/Group-1410103662.png:0
[   40265ms] [ERROR] Failed to load resource: the server responded with a status of 404 (Not Found) @ http://localhost:3000/assets/home-he/microsoft_global.svg:0
[   40308ms] [ERROR] Failed to load resource: the server responded with a status of 404 (Not Found) @ http://localhost:3000/assets/home-he/american_express_global.svg:0
[   40324ms] [ERROR] Failed to load resource: the server responded with a status of 404 (Not Found) @ http://localhost:3000/assets/home-he/n_gloabl.svg:0
[   40339ms] [ERROR] Failed to load resource: the server responded with a status of 404 (Not Found) @ http://localhost:3000/assets/home-he/human_global.svg:0
[   40344ms] [LOG] [Fast Refresh] rebuilding @ http://localhost:3000/_next/static/chunks/node_modules_next_dist_115brz8._.js:2431
[   40345ms] [LOG] [Fast Refresh] done in 102ms @ http://localhost:3000/_next/static/chunks/node_modules_next_dist_115brz8._.js:2431
[   40347ms] [ERROR] Failed to load resource: the server responded with a status of 404 (Not Found) @ http://localhost:3000/assets/home-he/passport_cart_global.svg:0
[   40350ms] [ERROR] Failed to load resource: the server responded with a status of 404 (Not Found) @ http://localhost:3000/assets/home-he/jfrog_global.svg:0
[   40368ms] [ERROR] Failed to load resource: the server responded with a status of 404 (Not Found) @ http://localhost:3000/assets/home-he/alam_global.svg:0
[   40413ms] [ERROR] Failed to load resource: the server responded with a status of 404 (Not Found) @ http://localhost:3000/assets/home-he/taboola_global.svg:0
[   40435ms] [ERROR] Failed to load resource: the server responded with a status of 404 (Not Found) @ http://localhost:3000/assets/home-he/is_global.svg:0
[   40446ms] [LOG] [Fast Refresh] rebuilding @ http://localhost:3000/_next/static/chunks/node_modules_next_dist_115brz8._.js:2431
[   40451ms] [ERROR] Failed to load resource: the server responded with a status of 404 (Not Found) @ http://localhost:3000/assets/home-he/star_global.svg:0
[   40457ms] [LOG] [Fast Refresh] done in 111ms @ http://localhost:3000/_next/static/chunks/node_modules_next_dist_115brz8._.js:2431
[   40458ms] [ERROR] Failed to load resource: the server responded with a status of 404 (Not Found) @ http://localhost:3000/assets/home-he/playtika_global.svg:0
[   40462ms] [ERROR] Failed to load resource: the server responded with a status of 404 (Not Found) @ http://localhost:3000/assets/home-he/finaro_global.svg:0
[   40479ms] [ERROR] Failed to load resource: the server responded with a status of 404 (Not Found) @ http://localhost:3000/assets/home-he/faq_q1.png:0
[   40525ms] [ERROR] Failed to load resource: the server responded with a status of 404 (Not Found) @ http://localhost:3000/assets/home-he/faq_q2.png:0
[   40540ms] [ERROR] Failed to load resource: the server responded with a status of 404 (Not Found) @ http://localhost:3000/assets/home-he/faq_q3.png:0
[   40556ms] [ERROR] Failed to load resource: the server responded with a status of 404 (Not Found) @ http://localhost:3000/assets/home-he/faq_q4.png:0
[   40559ms] [LOG] [Fast Refresh] rebuilding @ http://localhost:3000/_next/static/chunks/node_modules_next_dist_115brz8._.js:2431
[   40563ms] [ERROR] Failed to load resource: the server responded with a status of 404 (Not Found) @ http://localhost:3000/assets/home-he/faq_q5.png:0
[   40566ms] [ERROR] Failed to load resource: the server responded with a status of 404 (Not Found) @ http://localhost:3000/assets/home-he/faq_q6.png:0
[   40584ms] [ERROR] Failed to load resource: the server responded with a status of 404 (Not Found) @ http://localhost:3000/assets/home-he/faq_q7.png:0
[   40628ms] [ERROR] Failed to load resource: the server responded with a status of 404 (Not Found) @ http://localhost:3000/assets/home-he/grid_all.png:0
[   40650ms] [ERROR] Failed to load resource: the server responded with a status of 404 (Not Found) @ http://localhost:3000/assets/home-he/image-745.png:0
[   40665ms] [ERROR] Failed to load resource: the server responded with a status of 404 (Not Found) @ http://localhost:3000/assets/home-he/image-744.png:0
[   40671ms] [LOG] [Fast Refresh] done in 213ms @ http://localhost:3000/_next/static/chunks/node_modules_next_dist_115brz8._.js:2431
[   40672ms] [ERROR] Failed to load resource: the server responded with a status of 404 (Not Found) @ http://localhost:3000/assets/home-he/image-741.png:0
[   40675ms] [ERROR] Failed to load resource: the server responded with a status of 404 (Not Found) @ http://localhost:3000/assets/home-he/image-740.png:0
[   40694ms] [ERROR] Failed to load resource: the server responded with a status of 404 (Not Found) @ http://localhost:3000/assets/home-he/footerwhatsmob.svg:0
[   40738ms] [ERROR] Failed to load resource: the server responded with a status of 404 (Not Found) @ http://localhost:3000/assets/home-he/footerphmob.svg:0
[   40753ms] [ERROR] Failed to load resource: the server responded with a status of 404 (Not Found) @ http://localhost:3000/assets/home-he/logo_736.svg:0
[   40770ms] [ERROR] Failed to load resource: the server responded with a status of 404 (Not Found) @ http://localhost:3000/assets/home-he/logo_biz_735.svg:0
[   40772ms] [LOG] [Fast Refresh] rebuilding @ http://localhost:3000/_next/static/chunks/node_modules_next_dist_115brz8._.js:2431
[   40778ms] [LOG] [Fast Refresh] done in 107ms @ http://localhost:3000/_next/static/chunks/node_modules_next_dist_115brz8._.js:2431
[   40779ms] [ERROR] Failed to load resource: the server responded with a status of 404 (Not Found) @ http://localhost:3000/assets/home-he/logo_marker_731.svg:0
[   40783ms] [ERROR] Failed to load resource: the server responded with a status of 404 (Not Found) @ http://localhost:3000/assets/home-he/logo_732.svg:0
[   40800ms] [ERROR] Failed to load resource: the server responded with a status of 404 (Not Found) @ http://localhost:3000/assets/home-he/logo_733.svg:0
[   40842ms] [ERROR] Failed to load resource: the server responded with a status of 404 (Not Found) @ http://localhost:3000/assets/home-he/logo_mako_734.svg:0
[   40864ms] [ERROR] Failed to load resource: the server responded with a status of 404 (Not Found) @ http://localhost:3000/assets/home-he/triolla.svg:0
[   40877ms] [ERROR] Failed to load resource: the server responded with a status of 404 (Not Found) @ http://localhost:3000/assets/home-he/instagram.svg:0
[   40880ms] [LOG] [Fast Refresh] rebuilding @ http://localhost:3000/_next/static/chunks/node_modules_next_dist_115brz8._.js:2431
[   40882ms] [LOG] [Fast Refresh] done in 104ms @ http://localhost:3000/_next/static/chunks/node_modules_next_dist_115brz8._.js:2431
[   40883ms] [ERROR] Failed to load resource: the server responded with a status of 404 (Not Found) @ http://localhost:3000/assets/home-he/sqlink_icon.png:0
[   40887ms] [ERROR] Failed to load resource: the server responded with a status of 404 (Not Found) @ http://localhost:3000/assets/home-he/language-cookie.js_7ad8765f.js:0
[   40904ms] [ERROR] Failed to load resource: the server responded with a status of 404 (Not Found) @ http://localhost:3000/assets/home-he/DOMPurify.min.js_ed4212ae.js:0
[   40923ms] [ERROR] Failed to load resource: the server responded with a status of 404 (Not Found) @ http://localhost:3000/assets/home-he/jquery.min.js_f43b551b.js:0
[   40940ms] [ERROR] Failed to load resource: the server responded with a status of 404 (Not Found) @ http://localhost:3000/assets/home-he/jquery-migrate.min.js_558973c0.js:0
[   40958ms] [ERROR] Failed to load resource: the server responded with a status of 404 (Not Found) @ http://localhost:3000/assets/home-he/svgs-inline-min.js:0
[   40976ms] [ERROR] Failed to load resource: the server responded with a status of 404 (Not Found) @ http://localhost:3000/assets/home-he/jquery-3.6.0.min.js_edabec9e.js:0
[   40991ms] [LOG] [Fast Refresh] rebuilding @ http://localhost:3000/_next/static/chunks/node_modules_next_dist_115brz8._.js:2431
[   40994ms] [ERROR] Failed to load resource: the server responded with a status of 404 (Not Found) @ http://localhost:3000/assets/home-he/jquery.jConveyorTicker.min.js_edabec9e.js:0
[   41012ms] [ERROR] Failed to load resource: the server responded with a status of 404 (Not Found) @ http://localhost:3000/assets/home-he/owl.carousel.js_edabec9e.js:0
[   41029ms] [ERROR] Failed to load resource: the server responded with a status of 404 (Not Found) @ http://localhost:3000/assets/home-he/TweenMax.min.js_edabec9e.js:0
[   41047ms] [ERROR] Failed to load resource: the server responded with a status of 404 (Not Found) @ http://localhost:3000/assets/home-he/ScrollMagic.min.js_edabec9e.js:0
[   41064ms] [ERROR] Failed to load resource: the server responded with a status of 404 (Not Found) @ http://localhost:3000/assets/home-he/metaview.js_edabec9e.js:0
[   41089ms] [ERROR] Failed to load resource: the server responded with a status of 404 (Not Found) @ http://localhost:3000/assets/home-he/lottie.min.js:0
[   41107ms] [ERROR] Failed to load resource: the server responded with a status of 404 (Not Found) @ http://localhost:3000/assets/home-he/widget.js_9a406f72.js:0
[   41125ms] [ERROR] Failed to load resource: the server responded with a status of 404 (Not Found) @ http://localhost:3000/assets/home-he/email-decode.min.js:0
[   41145ms] [ERROR] Failed to load resource: the server responded with a status of 404 (Not Found) @ http://localhost:3000/assets/home-he/wow.js_edabec9e.js:0
[   41162ms] [ERROR] Failed to load resource: the server responded with a status of 404 (Not Found) @ http://localhost:3000/assets/home-he/isotope.pkgd.min.js_edabec9e.js:0
[   41179ms] [ERROR] Failed to load resource: the server responded with a status of 404 (Not Found) @ http://localhost:3000/assets/home-he/gsap.min.js:0
[   41196ms] [ERROR] Failed to load resource: the server responded with a status of 404 (Not Found) @ http://localhost:3000/assets/home-he/ScrollTrigger.min.js:0
[   41214ms] [ERROR] Failed to load resource: the server responded with a status of 404 (Not Found) @ http://localhost:3000/assets/home-he/jquery.bez.min.js_edabec9e.js:0
[   41232ms] [ERROR] Failed to load resource: the server responded with a status of 404 (Not Found) @ http://localhost:3000/assets/home-he/all.js_edabec9e.js:0
[   41249ms] [ERROR] Failed to load resource: the server responded with a status of 404 (Not Found) @ http://localhost:3000/assets/home-he/main.js_d6ea100c.js:0
[   41267ms] [ERROR] Failed to load resource: the server responded with a status of 404 (Not Found) @ http://localhost:3000/assets/home-he/dom-ready.min.js_5346137b.js:0
[   41290ms] [ERROR] Failed to load resource: the server responded with a status of 404 (Not Found) @ http://localhost:3000/assets/home-he/hooks.min.js_4fddbd9c.js:0
[   41307ms] [ERROR] Failed to load resource: the server responded with a status of 404 (Not Found) @ http://localhost:3000/assets/home-he/i18n.min.js_c33ce333.js:0
[   41325ms] [ERROR] Failed to load resource: the server responded with a status of 404 (Not Found) @ http://localhost:3000/assets/home-he/a11y.min.js_3f73a7c5.js:0
[   41342ms] [ERROR] Failed to load resource: the server responded with a status of 404 (Not Found) @ http://localhost:3000/assets/home-he/jquery.json.min.js_13f93b15.js:0
[   41360ms] [ERROR] Failed to load resource: the server responded with a status of 404 (Not Found) @ http://localhost:3000/assets/home-he/gravityforms.min.js_13f93b15.js:0
[   41377ms] [ERROR] Failed to load resource: the server responded with a status of 404 (Not Found) @ http://localhost:3000/assets/home-he/placeholders.jquery.min.js_13f93b15.js:0
[   41394ms] [ERROR] Failed to load resource: the server responded with a status of 404 (Not Found) @ http://localhost:3000/assets/home-he/utils.min.js_f287a8f0.js:0
[   41410ms] [ERROR] Failed to load resource: the server responded with a status of 404 (Not Found) @ http://localhost:3000/assets/home-he/vendor-theme.min.js_a3a18dac.js:0
[   41428ms] [ERROR] Failed to load resource: the server responded with a status of 404 (Not Found) @ http://localhost:3000/assets/home-he/scripts-theme.min.js_39b5a2d5.js:0
[   41446ms] [ERROR] Failed to load resource: the server responded with a status of 404 (Not Found) @ http://localhost:3000/assets/home-he/v8c78df7c7c0f484497ecbca7046644da1771523124516.js:0
[   41464ms] [LOG] [Fast Refresh] done in 574ms @ http://localhost:3000/_next/static/chunks/node_modules_next_dist_115brz8._.js:2431
[   48791ms] [INFO] %cDownload the React DevTools for a better development experience: https://react.dev/link/react-devtools font-weight:bold @ http://localhost:3000/_next/static/chunks/node_modules_next_dist_115brz8._.js:2431
[   48802ms] [LOG] [HMR] connected @ http://localhost:3000/_next/static/chunks/node_modules_next_dist_115brz8._.js:2431
[   48880ms] [ERROR] Failed to load resource: the server responded with a status of 404 (Not Found) @ http://localhost:3000/assets/home/2025/06/menu-image2.png:0
[   48951ms] [ERROR] Failed to load resource: the server responded with a status of 404 (Not Found) @ http://localhost:3000/assets/home/win_bg.png:0
[   48958ms] [ERROR] Failed to load resource: the server responded with a status of 404 (Not Found) @ http://localhost:3000/assets/home/global_layer.svg:0
[   48959ms] [ERROR] Failed to load resource: the server responded with a status of 404 (Not Found) @ http://localhost:3000/assets/home/faq_plus.svg:0
[   48961ms] [ERROR] Failed to load resource: the server responded with a status of 404 (Not Found) @ http://localhost:3000/assets/home/portfolio_grid_bg-old.png:0
[   48999ms] [ERROR] Failed to load resource: the server responded with a status of 404 (Not Found) @ http://localhost:3000/assets/home/almoni-dl-aaa-400.ttf:0
[   49043ms] [ERROR] Failed to load resource: the server responded with a status of 404 (Not Found) @ http://localhost:3000/assets/home/almoni-dl-aaa-400.woff:0
[   62178ms] [LOG] [Fast Refresh] rebuilding @ http://localhost:3000/_next/static/chunks/node_modules_next_dist_115brz8._.js:2431
